{
  "/Users/brandonsnow/Desktop/code/pizzapalace/src/App.js": {
    "path": "/Users/brandonsnow/Desktop/code/pizzapalace/src/App.js",
    "statementMap": {
      "0": {
        "start": {
          "line": 13,
          "column": 12
        },
        "end": {
          "line": 44,
          "column": 1
        }
      },
      "1": {
        "start": {
          "line": 15,
          "column": 43
        },
        "end": {
          "line": 15,
          "column": 53
        }
      },
      "2": {
        "start": {
          "line": 18,
          "column": 4
        },
        "end": {
          "line": 22,
          "column": 5
        }
      },
      "3": {
        "start": {
          "line": 19,
          "column": 8
        },
        "end": {
          "line": 21,
          "column": 9
        }
      },
      "4": {
        "start": {
          "line": 23,
          "column": 19
        },
        "end": {
          "line": 25,
          "column": 5
        }
      },
      "5": {
        "start": {
          "line": 24,
          "column": 8
        },
        "end": {
          "line": 24,
          "column": 22
        }
      },
      "6": {
        "start": {
          "line": 27,
          "column": 4
        },
        "end": {
          "line": 43,
          "column": 6
        }
      }
    },
    "fnMap": {
      "0": {
        "name": "(anonymous_0)",
        "decl": {
          "start": {
            "line": 13,
            "column": 12
          },
          "end": {
            "line": 13,
            "column": 13
          }
        },
        "loc": {
          "start": {
            "line": 13,
            "column": 18
          },
          "end": {
            "line": 44,
            "column": 1
          }
        },
        "line": 13
      },
      "1": {
        "name": "(anonymous_1)",
        "decl": {
          "start": {
            "line": 23,
            "column": 19
          },
          "end": {
            "line": 23,
            "column": 20
          }
        },
        "loc": {
          "start": {
            "line": 23,
            "column": 25
          },
          "end": {
            "line": 25,
            "column": 5
          }
        },
        "line": 23
      }
    },
    "branchMap": {
      "0": {
        "loc": {
          "start": {
            "line": 18,
            "column": 4
          },
          "end": {
            "line": 22,
            "column": 5
          }
        },
        "type": "if",
        "locations": [
          {
            "start": {
              "line": 18,
              "column": 4
            },
            "end": {
              "line": 22,
              "column": 5
            }
          },
          {
            "start": {},
            "end": {}
          }
        ],
        "line": 18
      }
    },
    "s": {
      "0": 1,
      "1": 1,
      "2": 1,
      "3": 0,
      "4": 1,
      "5": 0,
      "6": 1
    },
    "f": {
      "0": 1,
      "1": 0
    },
    "b": {
      "0": [
        0,
        1
      ]
    },
    "_coverageSchema": "1a1c01bbd47fc00a2c39e90264f33305004495a9",
    "hash": "1ebe961695338f4a59e9847d52ad8e26566be46c"
  },
  "/Users/brandonsnow/Desktop/code/pizzapalace/src/index.js": {
    "path": "/Users/brandonsnow/Desktop/code/pizzapalace/src/index.js",
    "statementMap": {
      "0": {
        "start": {
          "line": 7,
          "column": 0
        },
        "end": {
          "line": 12,
          "column": 2
        }
      },
      "1": {
        "start": {
          "line": 17,
          "column": 0
        },
        "end": {
          "line": 17,
          "column": 18
        }
      }
    },
    "fnMap": {},
    "branchMap": {},
    "s": {
      "0": 0,
      "1": 0
    },
    "f": {},
    "b": {}
  },
  "/Users/brandonsnow/Desktop/code/pizzapalace/src/reportWebVitals.js": {
    "path": "/Users/brandonsnow/Desktop/code/pizzapalace/src/reportWebVitals.js",
    "statementMap": {
      "0": {
        "start": {
          "line": 1,
          "column": 24
        },
        "end": {
          "line": 11,
          "column": 1
        }
      },
      "1": {
        "start": {
          "line": 2,
          "column": 4
        },
        "end": {
          "line": 10,
          "column": 5
        }
      },
      "2": {
        "start": {
          "line": 3,
          "column": 8
        },
        "end": {
          "line": 9,
          "column": 11
        }
      },
      "3": {
        "start": {
          "line": 4,
          "column": 12
        },
        "end": {
          "line": 4,
          "column": 32
        }
      },
      "4": {
        "start": {
          "line": 5,
          "column": 12
        },
        "end": {
          "line": 5,
          "column": 32
        }
      },
      "5": {
        "start": {
          "line": 6,
          "column": 12
        },
        "end": {
          "line": 6,
          "column": 32
        }
      },
      "6": {
        "start": {
          "line": 7,
          "column": 12
        },
        "end": {
          "line": 7,
          "column": 32
        }
      },
      "7": {
        "start": {
          "line": 8,
          "column": 12
        },
        "end": {
          "line": 8,
          "column": 33
        }
      }
    },
    "fnMap": {
      "0": {
        "name": "(anonymous_0)",
        "decl": {
          "start": {
            "line": 1,
            "column": 24
          },
          "end": {
            "line": 1,
            "column": 25
          }
        },
        "loc": {
          "start": {
            "line": 1,
            "column": 39
          },
          "end": {
            "line": 11,
            "column": 1
          }
        },
        "line": 1
      },
      "1": {
        "name": "(anonymous_1)",
        "decl": {
          "start": {
            "line": 3,
            "column": 34
          },
          "end": {
            "line": 3,
            "column": 35
          }
        },
        "loc": {
          "start": {
            "line": 3,
            "column": 81
          },
          "end": {
            "line": 9,
            "column": 9
          }
        },
        "line": 3
      }
    },
    "branchMap": {
      "0": {
        "loc": {
          "start": {
            "line": 2,
            "column": 4
          },
          "end": {
            "line": 10,
            "column": 5
          }
        },
        "type": "if",
        "locations": [
          {
            "start": {
              "line": 2,
              "column": 4
            },
            "end": {
              "line": 10,
              "column": 5
            }
          },
          {
            "start": {},
            "end": {}
          }
        ],
        "line": 2
      },
      "1": {
        "loc": {
          "start": {
            "line": 2,
            "column": 8
          },
          "end": {
            "line": 2,
            "column": 54
          }
        },
        "type": "binary-expr",
        "locations": [
          {
            "start": {
              "line": 2,
              "column": 8
            },
            "end": {
              "line": 2,
              "column": 19
            }
          },
          {
            "start": {
              "line": 2,
              "column": 23
            },
            "end": {
              "line": 2,
              "column": 54
            }
          }
        ],
        "line": 2
      }
    },
    "s": {
      "0": 0,
      "1": 0,
      "2": 0,
      "3": 0,
      "4": 0,
      "5": 0,
      "6": 0,
      "7": 0
    },
    "f": {
      "0": 0,
      "1": 0
    },
    "b": {
      "0": [
        0,
        0
      ],
      "1": [
        0,
        0
      ]
    }
  },
  "/Users/brandonsnow/Desktop/code/pizzapalace/src/api/auth.js": {
    "path": "/Users/brandonsnow/Desktop/code/pizzapalace/src/api/auth.js",
    "statementMap": {
      "0": {
        "start": {
          "line": 1,
          "column": 25
        },
        "end": {
          "line": 14,
          "column": 1
        }
      },
      "1": {
        "start": {
          "line": 2,
          "column": 4
        },
        "end": {
          "line": 12,
          "column": 11
        }
      },
      "2": {
        "start": {
          "line": 10,
          "column": 29
        },
        "end": {
          "line": 10,
          "column": 46
        }
      },
      "3": {
        "start": {
          "line": 11,
          "column": 12
        },
        "end": {
          "line": 11,
          "column": 41
        }
      }
    },
    "fnMap": {
      "0": {
        "name": "(anonymous_0)",
        "decl": {
          "start": {
            "line": 1,
            "column": 25
          },
          "end": {
            "line": 1,
            "column": 26
          }
        },
        "loc": {
          "start": {
            "line": 1,
            "column": 46
          },
          "end": {
            "line": 14,
            "column": 1
          }
        },
        "line": 1
      },
      "1": {
        "name": "(anonymous_1)",
        "decl": {
          "start": {
            "line": 9,
            "column": 14
          },
          "end": {
            "line": 9,
            "column": 15
          }
        },
        "loc": {
          "start": {
            "line": 9,
            "column": 30
          },
          "end": {
            "line": 12,
            "column": 9
          }
        },
        "line": 9
      }
    },
    "branchMap": {},
    "s": {
      "0": 1,
      "1": 0,
      "2": 0,
      "3": 0
    },
    "f": {
      "0": 0,
      "1": 0
    },
    "b": {},
    "_coverageSchema": "1a1c01bbd47fc00a2c39e90264f33305004495a9",
    "hash": "f6f33519785e4f91f23e093580bf02d3f200ffc1"
  },
  "/Users/brandonsnow/Desktop/code/pizzapalace/src/api/order.js": {
    "path": "/Users/brandonsnow/Desktop/code/pizzapalace/src/api/order.js",
    "statementMap": {
      "0": {
        "start": {
          "line": 1,
          "column": 26
        },
        "end": {
          "line": 19,
          "column": 1
        }
      },
      "1": {
        "start": {
          "line": 3,
          "column": 15
        },
        "end": {
          "line": 8,
          "column": 6
        }
      },
      "2": {
        "start": {
          "line": 9,
          "column": 4
        },
        "end": {
          "line": 18,
          "column": 34
        }
      },
      "3": {
        "start": {
          "line": 18,
          "column": 22
        },
        "end": {
          "line": 18,
          "column": 33
        }
      },
      "4": {
        "start": {
          "line": 22,
          "column": 25
        },
        "end": {
          "line": 30,
          "column": 1
        }
      },
      "5": {
        "start": {
          "line": 23,
          "column": 4
        },
        "end": {
          "line": 29,
          "column": 35
        }
      },
      "6": {
        "start": {
          "line": 29,
          "column": 22
        },
        "end": {
          "line": 29,
          "column": 33
        }
      },
      "7": {
        "start": {
          "line": 32,
          "column": 35
        },
        "end": {
          "line": 40,
          "column": 1
        }
      },
      "8": {
        "start": {
          "line": 33,
          "column": 17
        },
        "end": {
          "line": 33,
          "column": 53
        }
      },
      "9": {
        "start": {
          "line": 34,
          "column": 4
        },
        "end": {
          "line": 39,
          "column": 33
        }
      },
      "10": {
        "start": {
          "line": 39,
          "column": 20
        },
        "end": {
          "line": 39,
          "column": 31
        }
      }
    },
    "fnMap": {
      "0": {
        "name": "(anonymous_0)",
        "decl": {
          "start": {
            "line": 1,
            "column": 26
          },
          "end": {
            "line": 1,
            "column": 27
          }
        },
        "loc": {
          "start": {
            "line": 1,
            "column": 50
          },
          "end": {
            "line": 19,
            "column": 1
          }
        },
        "line": 1
      },
      "1": {
        "name": "(anonymous_1)",
        "decl": {
          "start": {
            "line": 18,
            "column": 14
          },
          "end": {
            "line": 18,
            "column": 15
          }
        },
        "loc": {
          "start": {
            "line": 18,
            "column": 22
          },
          "end": {
            "line": 18,
            "column": 33
          }
        },
        "line": 18
      },
      "2": {
        "name": "(anonymous_2)",
        "decl": {
          "start": {
            "line": 22,
            "column": 25
          },
          "end": {
            "line": 22,
            "column": 26
          }
        },
        "loc": {
          "start": {
            "line": 22,
            "column": 37
          },
          "end": {
            "line": 30,
            "column": 1
          }
        },
        "line": 22
      },
      "3": {
        "name": "(anonymous_3)",
        "decl": {
          "start": {
            "line": 29,
            "column": 14
          },
          "end": {
            "line": 29,
            "column": 15
          }
        },
        "loc": {
          "start": {
            "line": 29,
            "column": 22
          },
          "end": {
            "line": 29,
            "column": 33
          }
        },
        "line": 29
      },
      "4": {
        "name": "(anonymous_4)",
        "decl": {
          "start": {
            "line": 32,
            "column": 35
          },
          "end": {
            "line": 32,
            "column": 36
          }
        },
        "loc": {
          "start": {
            "line": 32,
            "column": 49
          },
          "end": {
            "line": 40,
            "column": 1
          }
        },
        "line": 32
      },
      "5": {
        "name": "(anonymous_5)",
        "decl": {
          "start": {
            "line": 39,
            "column": 12
          },
          "end": {
            "line": 39,
            "column": 13
          }
        },
        "loc": {
          "start": {
            "line": 39,
            "column": 20
          },
          "end": {
            "line": 39,
            "column": 31
          }
        },
        "line": 39
      }
    },
    "branchMap": {},
    "s": {
      "0": 3,
      "1": 0,
      "2": 0,
      "3": 0,
      "4": 3,
      "5": 0,
      "6": 0,
      "7": 3,
      "8": 0,
      "9": 0,
      "10": 0
    },
    "f": {
      "0": 0,
      "1": 0,
      "2": 0,
      "3": 0,
      "4": 0,
      "5": 0
    },
    "b": {},
    "_coverageSchema": "1a1c01bbd47fc00a2c39e90264f33305004495a9",
    "hash": "c02efd9f321e43d58be365648b3dc4220f017673"
  },
  "/Users/brandonsnow/Desktop/code/pizzapalace/src/components/Dashboard.js": {
    "path": "/Users/brandonsnow/Desktop/code/pizzapalace/src/components/Dashboard.js",
    "statementMap": {
      "0": {
        "start": {
          "line": 8,
          "column": 25
        },
        "end": {
          "line": 111,
          "column": 1
        }
      },
      "1": {
        "start": {
          "line": 9,
          "column": 34
        },
        "end": {
          "line": 9,
          "column": 49
        }
      },
      "2": {
        "start": {
          "line": 10,
          "column": 32
        },
        "end": {
          "line": 10,
          "column": 46
        }
      },
      "3": {
        "start": {
          "line": 11,
          "column": 40
        },
        "end": {
          "line": 11,
          "column": 52
        }
      },
      "4": {
        "start": {
          "line": 12,
          "column": 44
        },
        "end": {
          "line": 12,
          "column": 56
        }
      },
      "5": {
        "start": {
          "line": 13,
          "column": 30
        },
        "end": {
          "line": 18,
          "column": 6
        }
      },
      "6": {
        "start": {
          "line": 22,
          "column": 25
        },
        "end": {
          "line": 25,
          "column": 5
        }
      },
      "7": {
        "start": {
          "line": 23,
          "column": 8
        },
        "end": {
          "line": 23,
          "column": 29
        }
      },
      "8": {
        "start": {
          "line": 24,
          "column": 8
        },
        "end": {
          "line": 24,
          "column": 26
        }
      },
      "9": {
        "start": {
          "line": 28,
          "column": 23
        },
        "end": {
          "line": 39,
          "column": 5
        }
      },
      "10": {
        "start": {
          "line": 29,
          "column": 32
        },
        "end": {
          "line": 29,
          "column": 58
        }
      },
      "11": {
        "start": {
          "line": 30,
          "column": 8
        },
        "end": {
          "line": 38,
          "column": 9
        }
      },
      "12": {
        "start": {
          "line": 30,
          "column": 36
        },
        "end": {
          "line": 30,
          "column": 60
        }
      },
      "13": {
        "start": {
          "line": 32,
          "column": 33
        },
        "end": {
          "line": 36,
          "column": 14
        }
      },
      "14": {
        "start": {
          "line": 33,
          "column": 16
        },
        "end": {
          "line": 35,
          "column": 18
        }
      },
      "15": {
        "start": {
          "line": 34,
          "column": 20
        },
        "end": {
          "line": 34,
          "column": 80
        }
      },
      "16": {
        "start": {
          "line": 37,
          "column": 12
        },
        "end": {
          "line": 37,
          "column": 42
        }
      },
      "17": {
        "start": {
          "line": 43,
          "column": 4
        },
        "end": {
          "line": 55,
          "column": 11
        }
      },
      "18": {
        "start": {
          "line": 46,
          "column": 27
        },
        "end": {
          "line": 46,
          "column": 44
        }
      },
      "19": {
        "start": {
          "line": 47,
          "column": 12
        },
        "end": {
          "line": 47,
          "column": 32
        }
      },
      "20": {
        "start": {
          "line": 48,
          "column": 12
        },
        "end": {
          "line": 48,
          "column": 38
        }
      },
      "21": {
        "start": {
          "line": 51,
          "column": 8
        },
        "end": {
          "line": 51,
          "column": 25
        }
      },
      "22": {
        "start": {
          "line": 53,
          "column": 8
        },
        "end": {
          "line": 53,
          "column": 28
        }
      },
      "23": {
        "start": {
          "line": 54,
          "column": 8
        },
        "end": {
          "line": 54,
          "column": 26
        }
      },
      "24": {
        "start": {
          "line": 57,
          "column": 24
        },
        "end": {
          "line": 74,
          "column": 5
        }
      },
      "25": {
        "start": {
          "line": 58,
          "column": 8
        },
        "end": {
          "line": 58,
          "column": 38
        }
      },
      "26": {
        "start": {
          "line": 61,
          "column": 27
        },
        "end": {
          "line": 61,
          "column": 44
        }
      },
      "27": {
        "start": {
          "line": 62,
          "column": 12
        },
        "end": {
          "line": 62,
          "column": 32
        }
      },
      "28": {
        "start": {
          "line": 65,
          "column": 8
        },
        "end": {
          "line": 65,
          "column": 25
        }
      },
      "29": {
        "start": {
          "line": 66,
          "column": 8
        },
        "end": {
          "line": 66,
          "column": 28
        }
      },
      "30": {
        "start": {
          "line": 67,
          "column": 8
        },
        "end": {
          "line": 67,
          "column": 26
        }
      },
      "31": {
        "start": {
          "line": 68,
          "column": 8
        },
        "end": {
          "line": 73,
          "column": 10
        }
      },
      "32": {
        "start": {
          "line": 76,
          "column": 4
        },
        "end": {
          "line": 85,
          "column": 5
        }
      },
      "33": {
        "start": {
          "line": 77,
          "column": 8
        },
        "end": {
          "line": 83,
          "column": 10
        }
      },
      "34": {
        "start": {
          "line": 86,
          "column": 4
        },
        "end": {
          "line": 110,
          "column": 6
        }
      },
      "35": {
        "start": {
          "line": 96,
          "column": 31
        },
        "end": {
          "line": 96,
          "column": 59
        }
      },
      "36": {
        "start": {
          "line": 103,
          "column": 31
        },
        "end": {
          "line": 103,
          "column": 95
        }
      },
      "37": {
        "start": {
          "line": 107,
          "column": 64
        },
        "end": {
          "line": 107,
          "column": 124
        }
      }
    },
    "fnMap": {
      "0": {
        "name": "(anonymous_0)",
        "decl": {
          "start": {
            "line": 8,
            "column": 25
          },
          "end": {
            "line": 8,
            "column": 26
          }
        },
        "loc": {
          "start": {
            "line": 8,
            "column": 31
          },
          "end": {
            "line": 111,
            "column": 1
          }
        },
        "line": 8
      },
      "1": {
        "name": "(anonymous_1)",
        "decl": {
          "start": {
            "line": 22,
            "column": 25
          },
          "end": {
            "line": 22,
            "column": 26
          }
        },
        "loc": {
          "start": {
            "line": 22,
            "column": 34
          },
          "end": {
            "line": 25,
            "column": 5
          }
        },
        "line": 22
      },
      "2": {
        "name": "(anonymous_2)",
        "decl": {
          "start": {
            "line": 28,
            "column": 23
          },
          "end": {
            "line": 28,
            "column": 24
          }
        },
        "loc": {
          "start": {
            "line": 28,
            "column": 34
          },
          "end": {
            "line": 39,
            "column": 5
          }
        },
        "line": 28
      },
      "3": {
        "name": "(anonymous_3)",
        "decl": {
          "start": {
            "line": 32,
            "column": 47
          },
          "end": {
            "line": 32,
            "column": 48
          }
        },
        "loc": {
          "start": {
            "line": 32,
            "column": 55
          },
          "end": {
            "line": 36,
            "column": 13
          }
        },
        "line": 32
      },
      "4": {
        "name": "(anonymous_4)",
        "decl": {
          "start": {
            "line": 33,
            "column": 46
          },
          "end": {
            "line": 33,
            "column": 47
          }
        },
        "loc": {
          "start": {
            "line": 34,
            "column": 20
          },
          "end": {
            "line": 34,
            "column": 80
          }
        },
        "line": 34
      },
      "5": {
        "name": "(anonymous_5)",
        "decl": {
          "start": {
            "line": 43,
            "column": 15
          },
          "end": {
            "line": 43,
            "column": 16
          }
        },
        "loc": {
          "start": {
            "line": 43,
            "column": 27
          },
          "end": {
            "line": 55,
            "column": 5
          }
        },
        "line": 43
      },
      "6": {
        "name": "fetchOrders",
        "decl": {
          "start": {
            "line": 45,
            "column": 23
          },
          "end": {
            "line": 45,
            "column": 34
          }
        },
        "loc": {
          "start": {
            "line": 45,
            "column": 37
          },
          "end": {
            "line": 49,
            "column": 9
          }
        },
        "line": 45
      },
      "7": {
        "name": "(anonymous_7)",
        "decl": {
          "start": {
            "line": 57,
            "column": 24
          },
          "end": {
            "line": 57,
            "column": 25
          }
        },
        "loc": {
          "start": {
            "line": 57,
            "column": 38
          },
          "end": {
            "line": 74,
            "column": 5
          }
        },
        "line": 57
      },
      "8": {
        "name": "fetchOrders",
        "decl": {
          "start": {
            "line": 60,
            "column": 23
          },
          "end": {
            "line": 60,
            "column": 34
          }
        },
        "loc": {
          "start": {
            "line": 60,
            "column": 37
          },
          "end": {
            "line": 63,
            "column": 9
          }
        },
        "line": 60
      },
      "9": {
        "name": "(anonymous_9)",
        "decl": {
          "start": {
            "line": 96,
            "column": 26
          },
          "end": {
            "line": 96,
            "column": 27
          }
        },
        "loc": {
          "start": {
            "line": 96,
            "column": 31
          },
          "end": {
            "line": 96,
            "column": 59
          }
        },
        "line": 96
      },
      "10": {
        "name": "(anonymous_10)",
        "decl": {
          "start": {
            "line": 103,
            "column": 25
          },
          "end": {
            "line": 103,
            "column": 26
          }
        },
        "loc": {
          "start": {
            "line": 103,
            "column": 31
          },
          "end": {
            "line": 103,
            "column": 95
          }
        },
        "line": 103
      },
      "11": {
        "name": "(anonymous_11)",
        "decl": {
          "start": {
            "line": 107,
            "column": 50
          },
          "end": {
            "line": 107,
            "column": 51
          }
        },
        "loc": {
          "start": {
            "line": 107,
            "column": 64
          },
          "end": {
            "line": 107,
            "column": 124
          }
        },
        "line": 107
      }
    },
    "branchMap": {
      "0": {
        "loc": {
          "start": {
            "line": 30,
            "column": 8
          },
          "end": {
            "line": 38,
            "column": 9
          }
        },
        "type": "if",
        "locations": [
          {
            "start": {
              "line": 30,
              "column": 8
            },
            "end": {
              "line": 38,
              "column": 9
            }
          },
          {
            "start": {
              "line": 31,
              "column": 13
            },
            "end": {
              "line": 38,
              "column": 9
            }
          }
        ],
        "line": 30
      },
      "1": {
        "loc": {
          "start": {
            "line": 76,
            "column": 4
          },
          "end": {
            "line": 85,
            "column": 5
          }
        },
        "type": "if",
        "locations": [
          {
            "start": {
              "line": 76,
              "column": 4
            },
            "end": {
              "line": 85,
              "column": 5
            }
          },
          {
            "start": {},
            "end": {}
          }
        ],
        "line": 76
      },
      "2": {
        "loc": {
          "start": {
            "line": 107,
            "column": 17
          },
          "end": {
            "line": 107,
            "column": 125
          }
        },
        "type": "binary-expr",
        "locations": [
          {
            "start": {
              "line": 107,
              "column": 17
            },
            "end": {
              "line": 107,
              "column": 29
            }
          },
          {
            "start": {
              "line": 107,
              "column": 33
            },
            "end": {
              "line": 107,
              "column": 125
            }
          }
        ],
        "line": 107
      }
    },
    "s": {
      "0": 2,
      "1": 14,
      "2": 14,
      "3": 14,
      "4": 14,
      "5": 14,
      "6": 14,
      "7": 0,
      "8": 0,
      "9": 14,
      "10": 0,
      "11": 0,
      "12": 0,
      "13": 0,
      "14": 0,
      "15": 0,
      "16": 0,
      "17": 14,
      "18": 2,
      "19": 2,
      "20": 2,
      "21": 2,
      "22": 2,
      "23": 2,
      "24": 14,
      "25": 1,
      "26": 1,
      "27": 1,
      "28": 1,
      "29": 1,
      "30": 1,
      "31": 1,
      "32": 14,
      "33": 8,
      "34": 6,
      "35": 0,
      "36": 0,
      "37": 4
    },
    "f": {
      "0": 14,
      "1": 0,
      "2": 0,
      "3": 0,
      "4": 0,
      "5": 2,
      "6": 2,
      "7": 1,
      "8": 1,
      "9": 0,
      "10": 0,
      "11": 4
    },
    "b": {
      "0": [
        0,
        0
      ],
      "1": [
        8,
        6
      ],
      "2": [
        6,
        4
      ]
    },
    "_coverageSchema": "1a1c01bbd47fc00a2c39e90264f33305004495a9",
    "hash": "7feea04ef326bfd78f3921099f46817a29559c2b"
  },
  "/Users/brandonsnow/Desktop/code/pizzapalace/src/components/DashboardStyles.js": {
    "path": "/Users/brandonsnow/Desktop/code/pizzapalace/src/components/DashboardStyles.js",
    "statementMap": {
      "0": {
        "start": {
          "line": 3,
          "column": 21
        },
        "end": {
          "line": 6,
          "column": 1
        }
      },
      "1": {
        "start": {
          "line": 8,
          "column": 20
        },
        "end": {
          "line": 15,
          "column": 1
        }
      },
      "2": {
        "start": {
          "line": 17,
          "column": 29
        },
        "end": {
          "line": 19,
          "column": 1
        }
      },
      "3": {
        "start": {
          "line": 21,
          "column": 32
        },
        "end": {
          "line": 26,
          "column": 1
        }
      },
      "4": {
        "start": {
          "line": 27,
          "column": 27
        },
        "end": {
          "line": 36,
          "column": 1
        }
      },
      "5": {
        "start": {
          "line": 38,
          "column": 31
        },
        "end": {
          "line": 39,
          "column": 1
        }
      }
    },
    "fnMap": {},
    "branchMap": {},
    "s": {
      "0": 2,
      "1": 2,
      "2": 2,
      "3": 2,
      "4": 2,
      "5": 2
    },
    "f": {},
    "b": {},
    "_coverageSchema": "1a1c01bbd47fc00a2c39e90264f33305004495a9",
    "hash": "5fedf098fd855d14f695c118d0d23780e2ace2a0"
  },
  "/Users/brandonsnow/Desktop/code/pizzapalace/src/components/Login.js": {
    "path": "/Users/brandonsnow/Desktop/code/pizzapalace/src/components/Login.js",
    "statementMap": {
      "0": {
        "start": {
          "line": 9,
          "column": 21
        },
        "end": {
          "line": 45,
          "column": 1
        }
      },
      "1": {
        "start": {
          "line": 10,
          "column": 36
        },
        "end": {
          "line": 10,
          "column": 46
        }
      },
      "2": {
        "start": {
          "line": 11,
          "column": 36
        },
        "end": {
          "line": 11,
          "column": 46
        }
      },
      "3": {
        "start": {
          "line": 13,
          "column": 25
        },
        "end": {
          "line": 22,
          "column": 5
        }
      },
      "4": {
        "start": {
          "line": 14,
          "column": 8
        },
        "end": {
          "line": 14,
          "column": 27
        }
      },
      "5": {
        "start": {
          "line": 15,
          "column": 22
        },
        "end": {
          "line": 18,
          "column": 10
        }
      },
      "6": {
        "start": {
          "line": 19,
          "column": 8
        },
        "end": {
          "line": 19,
          "column": 24
        }
      },
      "7": {
        "start": {
          "line": 20,
          "column": 8
        },
        "end": {
          "line": 20,
          "column": 43
        }
      },
      "8": {
        "start": {
          "line": 24,
          "column": 4
        },
        "end": {
          "line": 44,
          "column": 6
        }
      },
      "9": {
        "start": {
          "line": 32,
          "column": 62
        },
        "end": {
          "line": 32,
          "column": 89
        }
      },
      "10": {
        "start": {
          "line": 36,
          "column": 66
        },
        "end": {
          "line": 36,
          "column": 93
        }
      },
      "11": {
        "start": {
          "line": 47,
          "column": 0
        },
        "end": {
          "line": 49,
          "column": 1
        }
      }
    },
    "fnMap": {
      "0": {
        "name": "(anonymous_0)",
        "decl": {
          "start": {
            "line": 9,
            "column": 21
          },
          "end": {
            "line": 9,
            "column": 22
          }
        },
        "loc": {
          "start": {
            "line": 9,
            "column": 37
          },
          "end": {
            "line": 45,
            "column": 1
          }
        },
        "line": 9
      },
      "1": {
        "name": "(anonymous_1)",
        "decl": {
          "start": {
            "line": 13,
            "column": 25
          },
          "end": {
            "line": 13,
            "column": 26
          }
        },
        "loc": {
          "start": {
            "line": 13,
            "column": 36
          },
          "end": {
            "line": 22,
            "column": 5
          }
        },
        "line": 13
      },
      "2": {
        "name": "(anonymous_2)",
        "decl": {
          "start": {
            "line": 32,
            "column": 57
          },
          "end": {
            "line": 32,
            "column": 58
          }
        },
        "loc": {
          "start": {
            "line": 32,
            "column": 62
          },
          "end": {
            "line": 32,
            "column": 89
          }
        },
        "line": 32
      },
      "3": {
        "name": "(anonymous_3)",
        "decl": {
          "start": {
            "line": 36,
            "column": 61
          },
          "end": {
            "line": 36,
            "column": 62
          }
        },
        "loc": {
          "start": {
            "line": 36,
            "column": 66
          },
          "end": {
            "line": 36,
            "column": 93
          }
        },
        "line": 36
      }
    },
    "branchMap": {},
    "s": {
      "0": 1,
      "1": 0,
      "2": 0,
      "3": 0,
      "4": 0,
      "5": 0,
      "6": 0,
      "7": 0,
      "8": 0,
      "9": 0,
      "10": 0,
      "11": 1
    },
    "f": {
      "0": 0,
      "1": 0,
      "2": 0,
      "3": 0
    },
    "b": {},
    "_coverageSchema": "1a1c01bbd47fc00a2c39e90264f33305004495a9",
    "hash": "a86d3d0a3cedbd08882c370395dba3884023419c"
  },
  "/Users/brandonsnow/Desktop/code/pizzapalace/src/components/LoginStyles.js": {
    "path": "/Users/brandonsnow/Desktop/code/pizzapalace/src/components/LoginStyles.js",
    "statementMap": {
      "0": {
        "start": {
          "line": 4,
          "column": 29
        },
        "end": {
          "line": 8,
          "column": 1
        }
      },
      "1": {
        "start": {
          "line": 9,
          "column": 20
        },
        "end": {
          "line": 20,
          "column": 1
        }
      },
      "2": {
        "start": {
          "line": 21,
          "column": 25
        },
        "end": {
          "line": 31,
          "column": 1
        }
      },
      "3": {
        "start": {
          "line": 33,
          "column": 25
        },
        "end": {
          "line": 42,
          "column": 1
        }
      },
      "4": {
        "start": {
          "line": 44,
          "column": 25
        },
        "end": {
          "line": 53,
          "column": 1
        }
      },
      "5": {
        "start": {
          "line": 55,
          "column": 21
        },
        "end": {
          "line": 57,
          "column": 1
        }
      },
      "6": {
        "start": {
          "line": 60,
          "column": 27
        },
        "end": {
          "line": 85,
          "column": 1
        }
      }
    },
    "fnMap": {},
    "branchMap": {},
    "s": {
      "0": 1,
      "1": 1,
      "2": 1,
      "3": 1,
      "4": 1,
      "5": 1,
      "6": 1
    },
    "f": {},
    "b": {},
    "_coverageSchema": "1a1c01bbd47fc00a2c39e90264f33305004495a9",
    "hash": "de57c90a2c8f6625e8ccea429fc4ac6d26ce572c"
  },
  "/Users/brandonsnow/Desktop/code/pizzapalace/src/components/navbar/Navbar.js": {
    "path": "/Users/brandonsnow/Desktop/code/pizzapalace/src/components/navbar/Navbar.js",
    "statementMap": {
      "0": {
        "start": {
          "line": 5,
          "column": 15
        },
        "end": {
          "line": 27,
          "column": 1
        }
      },
      "1": {
        "start": {
          "line": 8,
          "column": 4
        },
        "end": {
          "line": 26,
          "column": 6
        }
      },
      "2": {
        "start": {
          "line": 22,
          "column": 54
        },
        "end": {
          "line": 22,
          "column": 62
        }
      },
      "3": {
        "start": {
          "line": 29,
          "column": 0
        },
        "end": {
          "line": 31,
          "column": 1
        }
      }
    },
    "fnMap": {
      "0": {
        "name": "(anonymous_0)",
        "decl": {
          "start": {
            "line": 5,
            "column": 15
          },
          "end": {
            "line": 5,
            "column": 16
          }
        },
        "loc": {
          "start": {
            "line": 5,
            "column": 29
          },
          "end": {
            "line": 27,
            "column": 1
          }
        },
        "line": 5
      },
      "1": {
        "name": "(anonymous_1)",
        "decl": {
          "start": {
            "line": 22,
            "column": 48
          },
          "end": {
            "line": 22,
            "column": 49
          }
        },
        "loc": {
          "start": {
            "line": 22,
            "column": 54
          },
          "end": {
            "line": 22,
            "column": 62
          }
        },
        "line": 22
      }
    },
    "branchMap": {},
    "s": {
      "0": 1,
      "1": 1,
      "2": 0,
      "3": 1
    },
    "f": {
      "0": 1,
      "1": 0
    },
    "b": {},
    "_coverageSchema": "1a1c01bbd47fc00a2c39e90264f33305004495a9",
    "hash": "058efa9d56040dc7e6c1d2ee70e50ee3495071c8"
  },
  "/Users/brandonsnow/Desktop/code/pizzapalace/src/components/navbar/NavbarStyles.js": {
    "path": "/Users/brandonsnow/Desktop/code/pizzapalace/src/components/navbar/NavbarStyles.js",
    "statementMap": {
      "0": {
        "start": {
          "line": 6,
          "column": 19
        },
        "end": {
          "line": 15,
          "column": 1
        }
      },
      "1": {
        "start": {
          "line": 17,
          "column": 23
        },
        "end": {
          "line": 29,
          "column": 1
        }
      },
      "2": {
        "start": {
          "line": 31,
          "column": 20
        },
        "end": {
          "line": 43,
          "column": 1
        }
      },
      "3": {
        "start": {
          "line": 44,
          "column": 28
        },
        "end": {
          "line": 47,
          "column": 1
        }
      },
      "4": {
        "start": {
          "line": 48,
          "column": 23
        },
        "end": {
          "line": 55,
          "column": 1
        }
      },
      "5": {
        "start": {
          "line": 57,
          "column": 22
        },
        "end": {
          "line": 64,
          "column": 1
        }
      },
      "6": {
        "start": {
          "line": 66,
          "column": 26
        },
        "end": {
          "line": 84,
          "column": 1
        }
      }
    },
    "fnMap": {},
    "branchMap": {},
    "s": {
      "0": 1,
      "1": 1,
      "2": 1,
      "3": 1,
      "4": 1,
      "5": 1,
      "6": 1
    },
    "f": {},
    "b": {},
    "_coverageSchema": "1a1c01bbd47fc00a2c39e90264f33305004495a9",
    "hash": "52ced93f1904006d312c977c9380f87a438c0dda"
  },
  "/Users/brandonsnow/Desktop/code/pizzapalace/src/components/order/OrderCard.js": {
    "path": "/Users/brandonsnow/Desktop/code/pizzapalace/src/components/order/OrderCard.js",
    "statementMap": {
      "0": {
        "start": {
          "line": 8,
          "column": 25
        },
        "end": {
          "line": 49,
          "column": 1
        }
      },
      "1": {
        "start": {
          "line": 9,
          "column": 34
        },
        "end": {
          "line": 9,
          "column": 49
        }
      },
      "2": {
        "start": {
          "line": 11,
          "column": 24
        },
        "end": {
          "line": 16,
          "column": 5
        }
      },
      "3": {
        "start": {
          "line": 12,
          "column": 8
        },
        "end": {
          "line": 12,
          "column": 31
        }
      },
      "4": {
        "start": {
          "line": 13,
          "column": 8
        },
        "end": {
          "line": 13,
          "column": 25
        }
      },
      "5": {
        "start": {
          "line": 14,
          "column": 8
        },
        "end": {
          "line": 14,
          "column": 42
        }
      },
      "6": {
        "start": {
          "line": 15,
          "column": 8
        },
        "end": {
          "line": 15,
          "column": 26
        }
      },
      "7": {
        "start": {
          "line": 18,
          "column": 4
        },
        "end": {
          "line": 27,
          "column": 5
        }
      },
      "8": {
        "start": {
          "line": 19,
          "column": 8
        },
        "end": {
          "line": 25,
          "column": 10
        }
      },
      "9": {
        "start": {
          "line": 30,
          "column": 4
        },
        "end": {
          "line": 48,
          "column": 6
        }
      },
      "10": {
        "start": {
          "line": 45,
          "column": 50
        },
        "end": {
          "line": 45,
          "column": 84
        }
      },
      "11": {
        "start": {
          "line": 51,
          "column": 0
        },
        "end": {
          "line": 60,
          "column": 2
        }
      }
    },
    "fnMap": {
      "0": {
        "name": "(anonymous_0)",
        "decl": {
          "start": {
            "line": 8,
            "column": 25
          },
          "end": {
            "line": 8,
            "column": 26
          }
        },
        "loc": {
          "start": {
            "line": 8,
            "column": 51
          },
          "end": {
            "line": 49,
            "column": 1
          }
        },
        "line": 8
      },
      "1": {
        "name": "(anonymous_1)",
        "decl": {
          "start": {
            "line": 11,
            "column": 24
          },
          "end": {
            "line": 11,
            "column": 25
          }
        },
        "loc": {
          "start": {
            "line": 11,
            "column": 41
          },
          "end": {
            "line": 16,
            "column": 5
          }
        },
        "line": 11
      },
      "2": {
        "name": "(anonymous_2)",
        "decl": {
          "start": {
            "line": 45,
            "column": 39
          },
          "end": {
            "line": 45,
            "column": 40
          }
        },
        "loc": {
          "start": {
            "line": 45,
            "column": 50
          },
          "end": {
            "line": 45,
            "column": 84
          }
        },
        "line": 45
      }
    },
    "branchMap": {
      "0": {
        "loc": {
          "start": {
            "line": 18,
            "column": 4
          },
          "end": {
            "line": 27,
            "column": 5
          }
        },
        "type": "if",
        "locations": [
          {
            "start": {
              "line": 18,
              "column": 4
            },
            "end": {
              "line": 27,
              "column": 5
            }
          },
          {
            "start": {},
            "end": {}
          }
        ],
        "line": 18
      }
    },
    "s": {
      "0": 3,
      "1": 9,
      "2": 9,
      "3": 2,
      "4": 2,
      "5": 2,
      "6": 2,
      "7": 9,
      "8": 2,
      "9": 7,
      "10": 2,
      "11": 3
    },
    "f": {
      "0": 9,
      "1": 2,
      "2": 2
    },
    "b": {
      "0": [
        2,
        7
      ]
    },
    "_coverageSchema": "1a1c01bbd47fc00a2c39e90264f33305004495a9",
    "hash": "587b073aecef9279e5fbc9fba9e7a761ef53483f"
  },
  "/Users/brandonsnow/Desktop/code/pizzapalace/src/components/order/OrderForm.js": {
    "path": "/Users/brandonsnow/Desktop/code/pizzapalace/src/components/order/OrderForm.js",
    "statementMap": {
      "0": {
        "start": {
          "line": 10,
          "column": 25
        },
        "end": {
          "line": 91,
          "column": 1
        }
      },
      "1": {
        "start": {
          "line": 16,
          "column": 8
        },
        "end": {
          "line": 16,
          "column": 17
        }
      },
      "2": {
        "start": {
          "line": 18,
          "column": 20
        },
        "end": {
          "line": 18,
          "column": 30
        }
      },
      "3": {
        "start": {
          "line": 19,
          "column": 34
        },
        "end": {
          "line": 19,
          "column": 49
        }
      },
      "4": {
        "start": {
          "line": 20,
          "column": 26
        },
        "end": {
          "line": 22,
          "column": 5
        }
      },
      "5": {
        "start": {
          "line": 21,
          "column": 8
        },
        "end": {
          "line": 21,
          "column": 124
        }
      },
      "6": {
        "start": {
          "line": 23,
          "column": 21
        },
        "end": {
          "line": 29,
          "column": 5
        }
      },
      "7": {
        "start": {
          "line": 24,
          "column": 8
        },
        "end": {
          "line": 24,
          "column": 25
        }
      },
      "8": {
        "start": {
          "line": 25,
          "column": 25
        },
        "end": {
          "line": 25,
          "column": 55
        }
      },
      "9": {
        "start": {
          "line": 26,
          "column": 8
        },
        "end": {
          "line": 26,
          "column": 26
        }
      },
      "10": {
        "start": {
          "line": 27,
          "column": 8
        },
        "end": {
          "line": 27,
          "column": 108
        }
      },
      "11": {
        "start": {
          "line": 28,
          "column": 8
        },
        "end": {
          "line": 28,
          "column": 16
        }
      },
      "12": {
        "start": {
          "line": 30,
          "column": 4
        },
        "end": {
          "line": 41,
          "column": 5
        }
      },
      "13": {
        "start": {
          "line": 31,
          "column": 8
        },
        "end": {
          "line": 39,
          "column": 10
        }
      },
      "14": {
        "start": {
          "line": 44,
          "column": 4
        },
        "end": {
          "line": 90,
          "column": 6
        }
      }
    },
    "fnMap": {
      "0": {
        "name": "(anonymous_0)",
        "decl": {
          "start": {
            "line": 10,
            "column": 25
          },
          "end": {
            "line": 10,
            "column": 26
          }
        },
        "loc": {
          "start": {
            "line": 10,
            "column": 41
          },
          "end": {
            "line": 91,
            "column": 1
          }
        },
        "line": 10
      },
      "1": {
        "name": "(anonymous_1)",
        "decl": {
          "start": {
            "line": 20,
            "column": 26
          },
          "end": {
            "line": 20,
            "column": 27
          }
        },
        "loc": {
          "start": {
            "line": 20,
            "column": 40
          },
          "end": {
            "line": 22,
            "column": 5
          }
        },
        "line": 20
      },
      "2": {
        "name": "(anonymous_2)",
        "decl": {
          "start": {
            "line": 23,
            "column": 21
          },
          "end": {
            "line": 23,
            "column": 22
          }
        },
        "loc": {
          "start": {
            "line": 23,
            "column": 38
          },
          "end": {
            "line": 29,
            "column": 5
          }
        },
        "line": 23
      }
    },
    "branchMap": {
      "0": {
        "loc": {
          "start": {
            "line": 30,
            "column": 4
          },
          "end": {
            "line": 41,
            "column": 5
          }
        },
        "type": "if",
        "locations": [
          {
            "start": {
              "line": 30,
              "column": 4
            },
            "end": {
              "line": 41,
              "column": 5
            }
          },
          {
            "start": {},
            "end": {}
          }
        ],
        "line": 30
      },
      "1": {
        "loc": {
          "start": {
            "line": 57,
            "column": 17
          },
          "end": {
            "line": 58,
            "column": 81
          }
        },
        "type": "binary-expr",
        "locations": [
          {
            "start": {
              "line": 57,
              "column": 17
            },
            "end": {
              "line": 57,
              "column": 51
            }
          },
          {
            "start": {
              "line": 58,
              "column": 16
            },
            "end": {
              "line": 58,
              "column": 81
            }
          }
        ],
        "line": 57
      },
      "2": {
        "loc": {
          "start": {
            "line": 67,
            "column": 17
          },
          "end": {
            "line": 67,
            "column": 109
          }
        },
        "type": "binary-expr",
        "locations": [
          {
            "start": {
              "line": 67,
              "column": 17
            },
            "end": {
              "line": 67,
              "column": 52
            }
          },
          {
            "start": {
              "line": 67,
              "column": 56
            },
            "end": {
              "line": 67,
              "column": 109
            }
          }
        ],
        "line": 67
      },
      "3": {
        "loc": {
          "start": {
            "line": 76,
            "column": 17
          },
          "end": {
            "line": 76,
            "column": 107
          }
        },
        "type": "binary-expr",
        "locations": [
          {
            "start": {
              "line": 76,
              "column": 17
            },
            "end": {
              "line": 76,
              "column": 50
            }
          },
          {
            "start": {
              "line": 76,
              "column": 54
            },
            "end": {
              "line": 76,
              "column": 107
            }
          }
        ],
        "line": 76
      },
      "4": {
        "loc": {
          "start": {
            "line": 84,
            "column": 17
          },
          "end": {
            "line": 84,
            "column": 109
          }
        },
        "type": "binary-expr",
        "locations": [
          {
            "start": {
              "line": 84,
              "column": 17
            },
            "end": {
              "line": 84,
              "column": 54
            }
          },
          {
            "start": {
              "line": 84,
              "column": 58
            },
            "end": {
              "line": 84,
              "column": 109
            }
          }
        ],
        "line": 84
      }
    },
    "s": {
      "0": 3,
      "1": 5,
      "2": 5,
      "3": 5,
      "4": 5,
      "5": 0,
      "6": 5,
      "7": 0,
      "8": 0,
      "9": 0,
      "10": 0,
      "11": 0,
      "12": 5,
      "13": 0,
      "14": 5
    },
    "f": {
      "0": 5,
      "1": 0,
      "2": 0
    },
    "b": {
      "0": [
        0,
        5
      ],
      "1": [
        5,
        2
      ],
      "2": [
        5,
        2
      ],
      "3": [
        5,
        2
      ],
      "4": [
        5,
        2
      ]
    },
    "_coverageSchema": "1a1c01bbd47fc00a2c39e90264f33305004495a9",
    "hash": "bb79552e98203635bc208cea547369159ad0874b"
  },
  "/Users/brandonsnow/Desktop/code/pizzapalace/src/components/order/OrderFormStyles.js": {
    "path": "/Users/brandonsnow/Desktop/code/pizzapalace/src/components/order/OrderFormStyles.js",
    "statementMap": {
      "0": {
        "start": {
          "line": 3,
          "column": 21
        },
        "end": {
          "line": 5,
          "column": 1
        }
      },
      "1": {
        "start": {
          "line": 6,
          "column": 25
        },
        "end": {
          "line": 12,
          "column": 1
        }
      },
      "2": {
        "start": {
          "line": 14,
          "column": 25
        },
        "end": {
          "line": 23,
          "column": 1
        }
      },
      "3": {
        "start": {
          "line": 25,
          "column": 25
        },
        "end": {
          "line": 34,
          "column": 1
        }
      },
      "4": {
        "start": {
          "line": 36,
          "column": 28
        },
        "end": {
          "line": 43,
          "column": 1
        }
      },
      "5": {
        "start": {
          "line": 45,
          "column": 28
        },
        "end": {
          "line": 69,
          "column": 1
        }
      },
      "6": {
        "start": {
          "line": 71,
          "column": 32
        },
        "end": {
          "line": 77,
          "column": 1
        }
      },
      "7": {
        "start": {
          "line": 80,
          "column": 20
        },
        "end": {
          "line": 90,
          "column": 1
        }
      },
      "8": {
        "start": {
          "line": 92,
          "column": 23
        },
        "end": {
          "line": 95,
          "column": 1
        }
      }
    },
    "fnMap": {},
    "branchMap": {},
    "s": {
      "0": 5,
      "1": 5,
      "2": 5,
      "3": 5,
      "4": 5,
      "5": 5,
      "6": 5,
      "7": 5,
      "8": 5
    },
    "f": {},
    "b": {},
    "_coverageSchema": "1a1c01bbd47fc00a2c39e90264f33305004495a9",
    "hash": "fe8e48fb3f93c0d133607cb4f1df0a8b7db84690"
  },
  "/Users/brandonsnow/Desktop/code/pizzapalace/src/components/order/OrderPageStyles.js": {
    "path": "/Users/brandonsnow/Desktop/code/pizzapalace/src/components/order/OrderPageStyles.js",
    "statementMap": {
      "0": {
        "start": {
          "line": 3,
          "column": 21
        },
        "end": {
          "line": 6,
          "column": 1
        }
      },
      "1": {
        "start": {
          "line": 7,
          "column": 25
        },
        "end": {
          "line": 32,
          "column": 1
        }
      },
      "2": {
        "start": {
          "line": 34,
          "column": 28
        },
        "end": {
          "line": 59,
          "column": 1
        }
      },
      "3": {
        "start": {
          "line": 61,
          "column": 20
        },
        "end": {
          "line": 68,
          "column": 1
        }
      },
      "4": {
        "start": {
          "line": 70,
          "column": 29
        },
        "end": {
          "line": 72,
          "column": 1
        }
      }
    },
    "fnMap": {},
    "branchMap": {},
    "s": {
      "0": 3,
      "1": 3,
      "2": 3,
      "3": 3,
      "4": 3
    },
    "f": {},
    "b": {},
    "_coverageSchema": "1a1c01bbd47fc00a2c39e90264f33305004495a9",
    "hash": "8bbbdfcf0d55dacd267af6a3cdaea89bdfcba8f4"
  },
  "/Users/brandonsnow/Desktop/code/pizzapalace/src/components/order/Orders.js": {
    "path": "/Users/brandonsnow/Desktop/code/pizzapalace/src/components/order/Orders.js",
    "statementMap": {
      "0": {
        "start": {
          "line": 6,
          "column": 22
        },
        "end": {
          "line": 35,
          "column": 1
        }
      },
      "1": {
        "start": {
          "line": 7,
          "column": 32
        },
        "end": {
          "line": 7,
          "column": 43
        }
      },
      "2": {
        "start": {
          "line": 8,
          "column": 30
        },
        "end": {
          "line": 8,
          "column": 94
        }
      },
      "3": {
        "start": {
          "line": 9,
          "column": 21
        },
        "end": {
          "line": 12,
          "column": 5
        }
      },
      "4": {
        "start": {
          "line": 11,
          "column": 8
        },
        "end": {
          "line": 11,
          "column": 37
        }
      },
      "5": {
        "start": {
          "line": 13,
          "column": 24
        },
        "end": {
          "line": 15,
          "column": 5
        }
      },
      "6": {
        "start": {
          "line": 14,
          "column": 8
        },
        "end": {
          "line": 14,
          "column": 57
        }
      },
      "7": {
        "start": {
          "line": 17,
          "column": 4
        },
        "end": {
          "line": 34,
          "column": 6
        }
      },
      "8": {
        "start": {
          "line": 27,
          "column": 35
        },
        "end": {
          "line": 27,
          "column": 99
        }
      },
      "9": {
        "start": {
          "line": 31,
          "column": 50
        },
        "end": {
          "line": 31,
          "column": 90
        }
      }
    },
    "fnMap": {
      "0": {
        "name": "(anonymous_0)",
        "decl": {
          "start": {
            "line": 6,
            "column": 22
          },
          "end": {
            "line": 6,
            "column": 23
          }
        },
        "loc": {
          "start": {
            "line": 6,
            "column": 28
          },
          "end": {
            "line": 35,
            "column": 1
          }
        },
        "line": 6
      },
      "1": {
        "name": "(anonymous_1)",
        "decl": {
          "start": {
            "line": 9,
            "column": 21
          },
          "end": {
            "line": 9,
            "column": 22
          }
        },
        "loc": {
          "start": {
            "line": 9,
            "column": 27
          },
          "end": {
            "line": 12,
            "column": 5
          }
        },
        "line": 9
      },
      "2": {
        "name": "(anonymous_2)",
        "decl": {
          "start": {
            "line": 13,
            "column": 24
          },
          "end": {
            "line": 13,
            "column": 25
          }
        },
        "loc": {
          "start": {
            "line": 13,
            "column": 30
          },
          "end": {
            "line": 15,
            "column": 5
          }
        },
        "line": 13
      },
      "3": {
        "name": "(anonymous_3)",
        "decl": {
          "start": {
            "line": 27,
            "column": 29
          },
          "end": {
            "line": 27,
            "column": 30
          }
        },
        "loc": {
          "start": {
            "line": 27,
            "column": 35
          },
          "end": {
            "line": 27,
            "column": 99
          }
        },
        "line": 27
      },
      "4": {
        "name": "(anonymous_4)",
        "decl": {
          "start": {
            "line": 31,
            "column": 40
          },
          "end": {
            "line": 31,
            "column": 41
          }
        },
        "loc": {
          "start": {
            "line": 31,
            "column": 50
          },
          "end": {
            "line": 31,
            "column": 90
          }
        },
        "line": 31
      }
    },
    "branchMap": {
      "0": {
        "loc": {
          "start": {
            "line": 14,
            "column": 15
          },
          "end": {
            "line": 14,
            "column": 56
          }
        },
        "type": "cond-expr",
        "locations": [
          {
            "start": {
              "line": 14,
              "column": 30
            },
            "end": {
              "line": 14,
              "column": 32
            }
          },
          {
            "start": {
              "line": 14,
              "column": 35
            },
            "end": {
              "line": 14,
              "column": 56
            }
          }
        ],
        "line": 14
      }
    },
    "s": {
      "0": 2,
      "1": 1,
      "2": 1,
      "3": 1,
      "4": 0,
      "5": 1,
      "6": 0,
      "7": 1,
      "8": 0,
      "9": 1
    },
    "f": {
      "0": 1,
      "1": 0,
      "2": 0,
      "3": 0,
      "4": 1
    },
    "b": {
      "0": [
        0,
        0
      ]
    },
    "_coverageSchema": "1a1c01bbd47fc00a2c39e90264f33305004495a9",
    "hash": "267f57fb711a6fcc7b1e56368b17abe65a1f4b83"
  },
  "/Users/brandonsnow/Desktop/code/pizzapalace/src/context/useToken.js": {
    "path": "/Users/brandonsnow/Desktop/code/pizzapalace/src/context/useToken.js",
    "statementMap": {
      "0": {
        "start": {
          "line": 4,
          "column": 21
        },
        "end": {
          "line": 6,
          "column": 5
        }
      },
      "1": {
        "start": {
          "line": 5,
          "column": 8
        },
        "end": {
          "line": 5,
          "column": 53
        }
      },
      "2": {
        "start": {
          "line": 8,
          "column": 30
        },
        "end": {
          "line": 8,
          "column": 50
        }
      },
      "3": {
        "start": {
          "line": 10,
          "column": 22
        },
        "end": {
          "line": 13,
          "column": 5
        }
      },
      "4": {
        "start": {
          "line": 11,
          "column": 8
        },
        "end": {
          "line": 11,
          "column": 51
        }
      },
      "5": {
        "start": {
          "line": 12,
          "column": 8
        },
        "end": {
          "line": 12,
          "column": 28
        }
      },
      "6": {
        "start": {
          "line": 15,
          "column": 24
        },
        "end": {
          "line": 18,
          "column": 5
        }
      },
      "7": {
        "start": {
          "line": 16,
          "column": 8
        },
        "end": {
          "line": 16,
          "column": 43
        }
      },
      "8": {
        "start": {
          "line": 17,
          "column": 8
        },
        "end": {
          "line": 17,
          "column": 23
        }
      },
      "9": {
        "start": {
          "line": 20,
          "column": 4
        },
        "end": {
          "line": 24,
          "column": 5
        }
      }
    },
    "fnMap": {
      "0": {
        "name": "useToken",
        "decl": {
          "start": {
            "line": 3,
            "column": 24
          },
          "end": {
            "line": 3,
            "column": 32
          }
        },
        "loc": {
          "start": {
            "line": 3,
            "column": 35
          },
          "end": {
            "line": 25,
            "column": 1
          }
        },
        "line": 3
      },
      "1": {
        "name": "(anonymous_1)",
        "decl": {
          "start": {
            "line": 4,
            "column": 21
          },
          "end": {
            "line": 4,
            "column": 22
          }
        },
        "loc": {
          "start": {
            "line": 4,
            "column": 27
          },
          "end": {
            "line": 6,
            "column": 5
          }
        },
        "line": 4
      },
      "2": {
        "name": "(anonymous_2)",
        "decl": {
          "start": {
            "line": 10,
            "column": 22
          },
          "end": {
            "line": 10,
            "column": 23
          }
        },
        "loc": {
          "start": {
            "line": 10,
            "column": 35
          },
          "end": {
            "line": 13,
            "column": 5
          }
        },
        "line": 10
      },
      "3": {
        "name": "(anonymous_3)",
        "decl": {
          "start": {
            "line": 15,
            "column": 24
          },
          "end": {
            "line": 15,
            "column": 25
          }
        },
        "loc": {
          "start": {
            "line": 15,
            "column": 30
          },
          "end": {
            "line": 18,
            "column": 5
          }
        },
        "line": 15
      }
    },
    "branchMap": {
      "0": {
        "loc": {
          "start": {
            "line": 5,
            "column": 15
          },
          "end": {
            "line": 5,
            "column": 52
          }
        },
        "type": "binary-expr",
        "locations": [
          {
            "start": {
              "line": 5,
              "column": 15
            },
            "end": {
              "line": 5,
              "column": 46
            }
          },
          {
            "start": {
              "line": 5,
              "column": 50
            },
            "end": {
              "line": 5,
              "column": 52
            }
          }
        ],
        "line": 5
      }
    },
    "s": {
      "0": 5,
      "1": 5,
      "2": 5,
      "3": 5,
      "4": 0,
      "5": 0,
      "6": 5,
      "7": 0,
      "8": 0,
      "9": 5
    },
    "f": {
      "0": 5,
      "1": 5,
      "2": 0,
      "3": 0
    },
    "b": {
      "0": [
        5,
        5
      ]
    },
    "_coverageSchema": "1a1c01bbd47fc00a2c39e90264f33305004495a9",
    "hash": "c1b0fcf9f27cb9bdcecccbd14f4ead78093732d1"
  }
}
