TN:
SF:src/App.js
FN:13,(anonymous_0)
FN:23,(anonymous_1)
FNF:2
FNH:1
FNDA:1,(anonymous_0)
FNDA:0,(anonymous_1)
DA:13,1
DA:15,1
DA:18,1
DA:19,0
DA:23,1
DA:24,0
DA:27,1
LF:7
LH:5
BRDA:18,0,0,0
BRDA:18,0,1,1
BRF:2
BRH:1
end_of_record
TN:
SF:src/index.js
FNF:0
FNH:0
DA:7,0
DA:17,0
LF:2
LH:0
BRF:0
BRH:0
end_of_record
TN:
SF:src/reportWebVitals.js
FN:1,(anonymous_0)
FN:3,(anonymous_1)
FNF:2
FNH:0
FNDA:0,(anonymous_0)
FNDA:0,(anonymous_1)
DA:1,0
DA:2,0
DA:3,0
DA:4,0
DA:5,0
DA:6,0
DA:7,0
DA:8,0
LF:8
LH:0
BRDA:2,0,0,0
BRDA:2,0,1,0
BRDA:2,1,0,0
BRDA:2,1,1,0
BRF:4
BRH:0
end_of_record
TN:
SF:src/api/auth.js
FN:1,(anonymous_0)
FN:9,(anonymous_1)
FNF:2
FNH:0
FNDA:0,(anonymous_0)
FNDA:0,(anonymous_1)
DA:1,1
DA:2,0
DA:10,0
DA:11,0
LF:4
LH:1
BRF:0
BRH:0
end_of_record
TN:
SF:src/api/order.js
FN:1,(anonymous_0)
FN:18,(anonymous_1)
FN:22,(anonymous_2)
FN:29,(anonymous_3)
FN:32,(anonymous_4)
FN:39,(anonymous_5)
FNF:6
FNH:0
FNDA:0,(anonymous_0)
FNDA:0,(anonymous_1)
FNDA:0,(anonymous_2)
FNDA:0,(anonymous_3)
FNDA:0,(anonymous_4)
FNDA:0,(anonymous_5)
DA:1,3
DA:3,0
DA:9,0
DA:18,0
DA:22,3
DA:23,0
DA:29,0
DA:32,3
DA:33,0
DA:34,0
DA:39,0
LF:11
LH:3
BRF:0
BRH:0
end_of_record
TN:
SF:src/components/Dashboard.js
FN:8,(anonymous_0)
FN:22,(anonymous_1)
FN:28,(anonymous_2)
FN:32,(anonymous_3)
FN:33,(anonymous_4)
FN:43,(anonymous_5)
FN:45,fetchOrders
FN:57,(anonymous_7)
FN:60,fetchOrders
FN:96,(anonymous_9)
FN:103,(anonymous_10)
FN:107,(anonymous_11)
FNF:12
FNH:6
FNDA:14,(anonymous_0)
FNDA:0,(anonymous_1)
FNDA:0,(anonymous_2)
FNDA:0,(anonymous_3)
FNDA:0,(anonymous_4)
FNDA:2,(anonymous_5)
FNDA:2,fetchOrders
FNDA:1,(anonymous_7)
FNDA:1,fetchOrders
FNDA:0,(anonymous_9)
FNDA:0,(anonymous_10)
FNDA:4,(anonymous_11)
DA:8,2
DA:9,14
DA:10,14
DA:11,14
DA:12,14
DA:13,14
DA:22,14
DA:23,0
DA:24,0
DA:28,14
DA:29,0
DA:30,0
DA:32,0
DA:33,0
DA:34,0
DA:37,0
DA:43,14
DA:46,2
DA:47,2
DA:48,2
DA:51,2
DA:53,2
DA:54,2
DA:57,14
DA:58,1
DA:61,1
DA:62,1
DA:65,1
DA:66,1
DA:67,1
DA:68,1
DA:76,14
DA:77,8
DA:86,6
DA:96,0
DA:103,0
DA:107,4
LF:37
LH:27
BRDA:30,0,0,0
BRDA:30,0,1,0
BRDA:76,1,0,8
BRDA:76,1,1,6
BRDA:107,2,0,6
BRDA:107,2,1,4
BRF:6
BRH:4
end_of_record
TN:
SF:src/components/DashboardStyles.js
FNF:0
FNH:0
DA:3,2
DA:8,2
DA:17,2
DA:21,2
DA:27,2
DA:38,2
LF:6
LH:6
BRF:0
BRH:0
end_of_record
TN:
SF:src/components/Login.js
FN:9,(anonymous_0)
FN:13,(anonymous_1)
FN:32,(anonymous_2)
FN:36,(anonymous_3)
FNF:4
FNH:0
FNDA:0,(anonymous_0)
FNDA:0,(anonymous_1)
FNDA:0,(anonymous_2)
FNDA:0,(anonymous_3)
DA:9,1
DA:10,0
DA:11,0
DA:13,0
DA:14,0
DA:15,0
DA:19,0
DA:20,0
DA:24,0
DA:32,0
DA:36,0
DA:47,1
LF:12
LH:2
BRF:0
BRH:0
end_of_record
TN:
SF:src/components/LoginStyles.js
FNF:0
FNH:0
DA:4,1
DA:9,1
DA:21,1
DA:33,1
DA:44,1
DA:55,1
DA:60,1
LF:7
LH:7
BRF:0
BRH:0
end_of_record
TN:
SF:src/components/navbar/Navbar.js
FN:5,(anonymous_0)
FN:22,(anonymous_1)
FNF:2
FNH:1
FNDA:1,(anonymous_0)
FNDA:0,(anonymous_1)
DA:5,1
DA:8,1
DA:22,0
DA:29,1
LF:4
LH:3
BRF:0
BRH:0
end_of_record
TN:
SF:src/components/navbar/NavbarStyles.js
FNF:0
FNH:0
DA:6,1
DA:17,1
DA:31,1
DA:44,1
DA:48,1
DA:57,1
DA:66,1
LF:7
LH:7
BRF:0
BRH:0
end_of_record
TN:
SF:src/components/order/OrderCard.js
FN:8,(anonymous_0)
FN:11,(anonymous_1)
FN:45,(anonymous_2)
FNF:3
FNH:3
FNDA:9,(anonymous_0)
FNDA:2,(anonymous_1)
FNDA:2,(anonymous_2)
DA:8,3
DA:9,9
DA:11,9
DA:12,2
DA:13,2
DA:14,2
DA:15,2
DA:18,9
DA:19,2
DA:30,7
DA:45,2
DA:51,3
LF:12
LH:12
BRDA:18,0,0,2
BRDA:18,0,1,7
BRF:2
BRH:2
end_of_record
TN:
SF:src/components/order/OrderForm.js
FN:10,(anonymous_0)
FN:20,(anonymous_1)
FN:23,(anonymous_2)
FNF:3
FNH:1
FNDA:5,(anonymous_0)
FNDA:0,(anonymous_1)
FNDA:0,(anonymous_2)
DA:10,3
DA:16,5
DA:18,5
DA:19,5
DA:20,5
DA:21,0
DA:23,5
DA:24,0
DA:25,0
DA:26,0
DA:27,0
DA:28,0
DA:30,5
DA:31,0
DA:44,5
LF:15
LH:8
BRDA:30,0,0,0
BRDA:30,0,1,5
BRDA:57,1,0,5
BRDA:57,1,1,2
BRDA:67,2,0,5
BRDA:67,2,1,2
BRDA:76,3,0,5
BRDA:76,3,1,2
BRDA:84,4,0,5
BRDA:84,4,1,2
BRF:10
BRH:9
end_of_record
TN:
SF:src/components/order/OrderFormStyles.js
FNF:0
FNH:0
DA:3,5
DA:6,5
DA:14,5
DA:25,5
DA:36,5
DA:45,5
DA:71,5
DA:80,5
DA:92,5
LF:9
LH:9
BRF:0
BRH:0
end_of_record
TN:
SF:src/components/order/OrderPageStyles.js
FNF:0
FNH:0
DA:3,3
DA:7,3
DA:34,3
DA:61,3
DA:70,3
LF:5
LH:5
BRF:0
BRH:0
end_of_record
TN:
SF:src/components/order/Orders.js
FN:6,(anonymous_0)
FN:9,(anonymous_1)
FN:13,(anonymous_2)
FN:27,(anonymous_3)
FN:31,(anonymous_4)
FNF:5
FNH:2
FNDA:1,(anonymous_0)
FNDA:0,(anonymous_1)
FNDA:0,(anonymous_2)
FNDA:0,(anonymous_3)
FNDA:1,(anonymous_4)
DA:6,2
DA:7,1
DA:8,1
DA:9,1
DA:11,0
DA:13,1
DA:14,0
DA:17,1
DA:27,0
DA:31,1
LF:10
LH:7
BRDA:14,0,0,0
BRDA:14,0,1,0
BRF:2
BRH:0
end_of_record
TN:
SF:src/context/useToken.js
FN:3,useToken
FN:4,(anonymous_1)
FN:10,(anonymous_2)
FN:15,(anonymous_3)
FNF:4
FNH:2
FNDA:5,useToken
FNDA:5,(anonymous_1)
FNDA:0,(anonymous_2)
FNDA:0,(anonymous_3)
DA:4,5
DA:5,5
DA:8,5
DA:10,5
DA:11,0
DA:12,0
DA:15,5
DA:16,0
DA:17,0
DA:20,5
LF:10
LH:6
BRDA:5,0,0,5
BRDA:5,0,1,5
BRF:2
BRH:2
end_of_record
